<?xml version="1.0" encoding="UTF-8"?>
<!-- Generated by org.testng.reporters.JUnitReportReporter -->
<testsuite hostname="DESKTOP-O7UM0M3" failures="0" tests="1" name="ApiTests" time="4.353" errors="0" timestamp="2024-09-24T21:50:09 BST" skipped="0">
  <testcase classname="ApiTests" name="RestAssured_APITest" time="4.353"/>
  <system-out/>
</testsuite> <!-- ApiTests -->
